<?xml version="1.0" encoding="UTF-8"?>
<testsuite xmlns:xsi="http://www.w3.org/2001/XMLSchema-instance" xsi:noNamespaceSchemaLocation="https://maven.apache.org/surefire/maven-surefire-plugin/xsd/surefire-test-report-3.0.xsd" version="3.0" name="EmailNotificationServiceTest" time="2.409" tests="5" errors="0" skipped="0" failures="0">
  <properties>
[...]
</properties>
  <testcase name="testEnvoyerNotificationTicketCree_EmailContentValidation" classname="EmailNotificationServiceTest" time="2.301"/>
  <testcase name="testEnvoyerNotificationTicketCree_ExceptionIsHandled" classname="EmailNotificationServiceTest" time="0.03">
    <system-err><![CDATA[Erreur lors de l'envoi de l'email : Mail error
]]></system-err>
  </testcase>
  <testcase name="testEnvoyerNotificationTicketCree_WithDifferentRecipient" classname="EmailNotificationServiceTest" time="0.006"/>
  <testcase name="testEnvoyerNotificationTicketCree_SendsCorrectMail" classname="EmailNotificationServiceTest" time="0.005"/>
  <testcase name="testEnvoyerNotificationTicketCree_MultipleRecipients" classname="EmailNotificationServiceTest" time="0.005"/>
</testsuite>